<?xml version="1.0" encoding="UTF-8"?>
<!-- Generated by org.testng.reporters.JUnitReportReporter -->
<testsuite hostname="JarvisPC" failures="0" tests="4" name="TestNG_Keywords.B_Invocation_Count" time="0.030" errors="0" timestamp="2021-11-18T23:09:47 IST" skipped="0">
  <testcase classname="TestNG_Keywords.B_Invocation_Count" name="TC1" time="0.017"/>
  <system-out>
    <![CDATA[Running TC1]]>
  </system-out>
  <testcase classname="TestNG_Keywords.B_Invocation_Count" name="TC1" time="0.003"/>
  <system-out>
    <![CDATA[Running TC1]]>
  </system-out>
  <testcase classname="TestNG_Keywords.B_Invocation_Count" name="TC1" time="0.004"/>
  <system-out>
    <![CDATA[Running TC1]]>
  </system-out>
  <testcase classname="TestNG_Keywords.B_Invocation_Count" name="TC1" time="0.006"/>
  <system-out>
    <![CDATA[Running TC1]]>
  </system-out>
</testsuite> <!-- TestNG_Keywords.B_Invocation_Count -->
