<?xml version="1.0" encoding="UTF-8"?>
<!-- Generated by org.testng.reporters.JUnitReportReporter -->
<testsuite hostname="JarvisPC" failures="0" tests="1" name="TestNGe_Verification.G_AssertNotNull" time="0.022" errors="0" timestamp="2021-11-21T11:32:48 IST" skipped="0">
  <testcase classname="TestNGe_Verification.G_AssertNotNull" name="assertNotNull" time="0.022"/>
  <system-out/>
</testsuite> <!-- TestNGe_Verification.G_AssertNotNull -->
