<?xml version="1.0" encoding="UTF-8"?>
<!-- Generated by org.testng.reporters.JUnitReportReporter -->
<testsuite hostname="JarvisPC" failures="0" tests="1" name="TestNGi_Parallel.B_Parallel2" time="6.968" errors="0" timestamp="2021-11-23T08:28:26 IST" skipped="0">
  <testcase classname="TestNGi_Parallel.B_Parallel2" name="openGoogle" time="6.968"/>
  <system-out/>
</testsuite> <!-- TestNGi_Parallel.B_Parallel2 -->
