<?xml version="1.0" encoding="UTF-8"?>
<!-- Generated by org.testng.reporters.JUnitReportReporter -->
<testsuite hostname="JarvisPC" failures="0" tests="1" name="TestNGe_Verification.C_AssertTrue" time="0.028" errors="0" timestamp="2021-11-21T10:48:25 IST" skipped="0">
  <testcase classname="TestNGe_Verification.C_AssertTrue" name="AssertTrue" time="0.028"/>
  <system-out/>
</testsuite> <!-- TestNGe_Verification.C_AssertTrue -->
