<?xml version="1.0" encoding="UTF-8"?>
<!-- Generated by org.testng.reporters.JUnitReportReporter -->
<testsuite hostname="JarvisPC" failures="0" tests="3" name="TestNG_Keywords.E_dependsOnMethods2" time="1.038" errors="0" timestamp="2021-11-19T00:04:03 IST" skipped="0">
  <testcase classname="TestNG_Keywords.E_dependsOnMethods2" name="login2" time="1.017"/>
  <system-out>
    <![CDATA[running login2 TC...]]>
  </system-out>
  <testcase classname="TestNG_Keywords.E_dependsOnMethods2" name="login1" time="0.019"/>
  <system-out>
    <![CDATA[running login1 TC...]]>
  </system-out>
  <testcase classname="TestNG_Keywords.E_dependsOnMethods2" name="logout" time="0.002"/>
  <system-out>
    <![CDATA[running logout TC...]]>
  </system-out>
</testsuite> <!-- TestNG_Keywords.E_dependsOnMethods2 -->
