<?xml version="1.0" encoding="UTF-8"?>
<!-- Generated by org.testng.reporters.JUnitReportReporter -->
<testsuite hostname="JarvisPC" failures="0" tests="2" name="TestNG_TestSuit.A_SuitClass2" time="0.005" errors="0" timestamp="2021-11-19T08:01:31 IST" skipped="0">
  <testcase classname="TestNG_TestSuit.A_SuitClass2" name="TC3" time="0.003"/>
  <system-out>
    <![CDATA[running TC3...]]>
  </system-out>
  <testcase classname="TestNG_TestSuit.A_SuitClass2" name="TC4" time="0.002"/>
  <system-out>
    <![CDATA[running TC4...]]>
  </system-out>
</testsuite> <!-- TestNG_TestSuit.A_SuitClass2 -->
