<?xml version="1.0" encoding="UTF-8"?>
<!-- Generated by org.testng.reporters.JUnitReportReporter -->
<testsuite hostname="JarvisPC" failures="0" tests="1" name="TestNGm_Screenshot_Failed_TC.A_KiteLoginTest" time="4.553" errors="0" timestamp="2021-11-26T23:41:47 IST" skipped="0">
  <testcase classname="TestNGm_Screenshot_Failed_TC.A_KiteLoginTest" name="verifyPN" time="4.553"/>
  <system-out/>
</testsuite> <!-- TestNGm_Screenshot_Failed_TC.A_KiteLoginTest -->
