<?xml version="1.0" encoding="UTF-8"?>
<!-- Generated by org.testng.reporters.JUnitReportReporter -->
<testsuite hostname="JarvisPC" failures="0" tests="3" name="TestNGg_DisableTestCaseExecution.A_DisableTCE_enableFalse" time="0.024" errors="0" timestamp="2021-11-22T23:50:36 IST" skipped="1">
  <testcase classname="TestNGg_DisableTestCaseExecution.A_DisableTCE_enableFalse" name="TC1" time="0.020"/>
  <system-out>
    <![CDATA[Running TC1]]>
  </system-out>
  <testcase classname="TestNGg_DisableTestCaseExecution.A_DisableTCE_enableFalse" name="TC2" time="0.004"/>
  <system-out>
    <![CDATA[Running TC2]]>
  </system-out>
  <testcase classname="TestNGg_DisableTestCaseExecution.A_DisableTCE_enableFalse" name="TC3">
    <skipped/>
  </testcase> <!-- TC3 -->
  <system-out/>
</testsuite> <!-- TestNGg_DisableTestCaseExecution.A_DisableTCE_enableFalse -->
