<?xml version="1.0" encoding="UTF-8"?>
<!-- Generated by org.testng.reporters.JUnitReportReporter -->
<testsuite hostname="JarvisPC" failures="0" tests="1" name="TestNGi_Parallel.A_Parallel1" time="7.457" errors="0" timestamp="2021-11-23T08:28:26 IST" skipped="0">
  <testcase classname="TestNGi_Parallel.A_Parallel1" name="OpenKite" time="7.457"/>
  <system-out/>
</testsuite> <!-- TestNGi_Parallel.A_Parallel1 -->
