<?xml version="1.0" encoding="UTF-8"?>
<!-- Generated by org.testng.reporters.JUnitReportReporter -->
<testsuite hostname="JarvisPC" failures="0" tests="5" name="TestNG_Keywords.A_Priority1" time="0.063" errors="0" timestamp="2021-11-18T23:05:38 IST" skipped="0">
  <testcase classname="TestNG_Keywords.A_Priority1" name="TC4" time="0.016"/>
  <system-out>
    <![CDATA[Running TC4]]>
  </system-out>
  <testcase classname="TestNG_Keywords.A_Priority1" name="TC5" time="0.003"/>
  <system-out>
    <![CDATA[Running TC5]]>
  </system-out>
  <testcase classname="TestNG_Keywords.A_Priority1" name="TC3" time="0.009"/>
  <system-out>
    <![CDATA[Running TC3]]>
  </system-out>
  <testcase classname="TestNG_Keywords.A_Priority1" name="TC2" time="0.021"/>
  <system-out>
    <![CDATA[Running TC2]]>
  </system-out>
  <testcase classname="TestNG_Keywords.A_Priority1" name="TC1" time="0.014"/>
  <system-out>
    <![CDATA[Running TC1]]>
  </system-out>
</testsuite> <!-- TestNG_Keywords.A_Priority1 -->
