<?xml version="1.0" encoding="UTF-8"?>
<!-- Generated by org.testng.reporters.JUnitReportReporter -->
<testsuite hostname="JarvisPC" failures="0" tests="1" name="TestNGe_Verification.B_AssertNotEquals" time="0.023" errors="0" timestamp="2021-11-21T10:43:03 IST" skipped="0">
  <testcase classname="TestNGe_Verification.B_AssertNotEquals" name="AssertNotEquals" time="0.023"/>
  <system-out/>
</testsuite> <!-- TestNGe_Verification.B_AssertNotEquals -->
