<?xml version="1.0" encoding="UTF-8"?>
<!-- Generated by org.testng.reporters.JUnitReportReporter -->
<testsuite hostname="JarvisPC" failures="0" tests="1" name="POM_With_DDF.A_KiteLoginTest" time="4.149" errors="0" timestamp="2021-11-25T00:12:46 IST" skipped="0">
  <testcase classname="POM_With_DDF.A_KiteLoginTest" name="verifyPN" time="4.149"/>
  <system-out/>
</testsuite> <!-- POM_With_DDF.A_KiteLoginTest -->
