<?xml version="1.0" encoding="UTF-8"?>
<!-- Generated by org.testng.reporters.JUnitReportReporter -->
<testsuite hostname="JarvisPC" failures="0" tests="2" name="TestNGg_DisableTestCaseExecution.B_DisableTCE_with_include_exclude" time="0.021" errors="0" timestamp="2021-11-23T00:01:13 IST" skipped="0">
  <testcase classname="TestNGg_DisableTestCaseExecution.B_DisableTCE_with_include_exclude" name="TC1" time="0.018"/>
  <system-out>
    <![CDATA[running TC1...]]>
  </system-out>
  <testcase classname="TestNGg_DisableTestCaseExecution.B_DisableTCE_with_include_exclude" name="TC2" time="0.003"/>
  <system-out>
    <![CDATA[running TC2...]]>
  </system-out>
</testsuite> <!-- TestNGg_DisableTestCaseExecution.B_DisableTCE_with_include_exclude -->
