<?xml version="1.0" encoding="UTF-8"?>
<!-- Generated by org.testng.reporters.JUnitReportReporter -->
<testsuite hostname="JarvisPC" failures="0" tests="5" name="TestNG.C_Emailable_Report" time="0.035" errors="0" timestamp="2021-11-18T11:59:23 IST" skipped="0">
  <testcase classname="TestNG.C_Emailable_Report" name="TC0" time="0.023"/>
  <system-out/>
  <testcase classname="TestNG.C_Emailable_Report" name="TC3" time="0.003"/>
  <system-out>
    <![CDATA[Running TC3]]>
  </system-out>
  <testcase classname="TestNG.C_Emailable_Report" name="TC1" time="0.004"/>
  <system-out>
    <![CDATA[Running TC1]]>
  </system-out>
  <testcase classname="TestNG.C_Emailable_Report" name="TC2" time="0.003"/>
  <system-out>
    <![CDATA[Running TC2]]>
  </system-out>
  <testcase classname="TestNG.C_Emailable_Report" name="TC4" time="0.002"/>
  <system-out>
    <![CDATA[Running TC4]]>
  </system-out>
</testsuite> <!-- TestNG.C_Emailable_Report -->
