<?xml version="1.0" encoding="UTF-8"?>
<!-- Generated by org.testng.reporters.JUnitReportReporter -->
<testsuite hostname="JarvisPC" failures="0" tests="3" name="TestNGj_Comaptibility_Testing.A_Multibrowser_Testing" time="84.351" errors="0" timestamp="2021-11-24T12:43:21 IST" skipped="0">
  <testcase classname="TestNGj_Comaptibility_Testing.A_Multibrowser_Testing" name="TC" time="37.221"/>
  <system-out/>
  <testcase classname="TestNGj_Comaptibility_Testing.A_Multibrowser_Testing" name="TC" time="22.590"/>
  <system-out/>
  <testcase classname="TestNGj_Comaptibility_Testing.A_Multibrowser_Testing" name="TC" time="24.540"/>
  <system-out/>
</testsuite> <!-- TestNGj_Comaptibility_Testing.A_Multibrowser_Testing -->
