<?xml version="1.0" encoding="UTF-8"?>
<!-- Generated by org.testng.reporters.JUnitReportReporter -->
<testsuite hostname="JarvisPC" failures="0" tests="4" name="TestNGh_Grouping.A_Grouping_test_groups_run_include_exclude_" time="0.032" errors="0" timestamp="2021-11-23T07:59:44 IST" skipped="0">
  <testcase classname="TestNGh_Grouping.A_Grouping_test_groups_run_include_exclude_" name="TC2" time="0.017"/>
  <system-out>
    <![CDATA[Running TC2]]>
  </system-out>
  <testcase classname="TestNGh_Grouping.A_Grouping_test_groups_run_include_exclude_" name="TC5" time="0.007"/>
  <system-out>
    <![CDATA[Running TC5]]>
  </system-out>
  <testcase classname="TestNGh_Grouping.A_Grouping_test_groups_run_include_exclude_" name="TC4" time="0.006"/>
  <system-out>
    <![CDATA[Running TC4]]>
  </system-out>
  <testcase classname="TestNGh_Grouping.A_Grouping_test_groups_run_include_exclude_" name="TC6" time="0.002"/>
  <system-out>
    <![CDATA[Running TC6]]>
  </system-out>
</testsuite> <!-- TestNGh_Grouping.A_Grouping_test_groups_run_include_exclude_ -->
