<?xml version="1.0" encoding="UTF-8"?>
<!-- Generated by org.testng.reporters.JUnitReportReporter -->
<testsuite hostname="JarvisPC" failures="0" tests="1" name="TestNGk_POM_DDF_TestNG.A_KiteLoginTest" time="3.332" errors="0" timestamp="2021-11-25T00:30:57 IST" skipped="0">
  <testcase classname="TestNGk_POM_DDF_TestNG.A_KiteLoginTest" name="verifyPN" time="3.332"/>
  <system-out/>
</testsuite> <!-- TestNGk_POM_DDF_TestNG.A_KiteLoginTest -->
