<?xml version="1.0" encoding="UTF-8"?>
<!-- Generated by org.testng.reporters.JUnitReportReporter -->
<testsuite hostname="JarvisPC" failures="0" tests="2" name="TestNG.D_Annotations" time="0.017" errors="0" timestamp="2021-11-26T16:31:35 IST" skipped="0">
  <testcase classname="TestNG.D_Annotations" name="T1VerifyUserId" time="0.012"/>
  <system-out>
    <![CDATA[Verify User ID 1]]>
  </system-out>
  <testcase classname="TestNG.D_Annotations" name="T2VerifyUserId" time="0.005"/>
  <system-out>
    <![CDATA[Verify User ID 2]]>
  </system-out>
</testsuite> <!-- TestNG.D_Annotations -->
