<?xml version="1.0" encoding="UTF-8"?>
<!-- Generated by org.testng.reporters.JUnitReportReporter -->
<testsuite hostname="JarvisPC" failures="0" tests="3" name="TestNG_Keywords.C_enabled" time="0.020" errors="0" timestamp="2021-11-18T23:16:16 IST" skipped="1">
  <testcase classname="TestNG_Keywords.C_enabled" name="TC1" time="0.017"/>
  <system-out>
    <![CDATA[Running TC1]]>
  </system-out>
  <testcase classname="TestNG_Keywords.C_enabled" name="TC3" time="0.003"/>
  <system-out>
    <![CDATA[Running TC3]]>
  </system-out>
  <testcase classname="TestNG_Keywords.C_enabled" name="TC2">
    <skipped/>
  </testcase> <!-- TC2 -->
  <system-out/>
</testsuite> <!-- TestNG_Keywords.C_enabled -->
