<?xml version="1.0" encoding="UTF-8"?>
<!-- Generated by org.testng.reporters.JUnitReportReporter -->
<testsuite hostname="JarvisPC" failures="0" tests="1" name="Module1_Login_Test.A_KiteLoginTest" time="5.902" errors="0" timestamp="2021-11-27T17:17:49 IST" skipped="0">
  <testcase classname="Module1_Login_Test.A_KiteLoginTest" name="verifyPN" time="5.902"/>
  <system-out/>
</testsuite> <!-- Module1_Login_Test.A_KiteLoginTest -->
